{"/home/runner/work/setup-mlir/setup-mlir/src/get-download-link.ts": {"path":"/home/runner/work/setup-mlir/setup-mlir/src/get-download-link.ts","statementMap":{"0":{"start":{"line":39,"column":17},"end":{"line":39,"column":53}},"1":{"start":{"line":41,"column":2},"end":{"line":43,"column":3}},"2":{"start":{"line":42,"column":4},"end":{"line":42,"column":35}},"3":{"start":{"line":45,"column":2},"end":{"line":47,"column":3}},"4":{"start":{"line":46,"column":4},"end":{"line":46,"column":43}},"5":{"start":{"line":50,"column":16},"end":{"line":50,"column":57}},"6":{"start":{"line":52,"column":2},"end":{"line":58,"column":3}},"7":{"start":{"line":53,"column":4},"end":{"line":53,"column":65}},"8":{"start":{"line":55,"column":4},"end":{"line":57,"column":6}},"9":{"start":{"line":66,"column":2},"end":{"line":74,"column":3}},"10":{"start":{"line":67,"column":4},"end":{"line":67,"column":19}},"11":{"start":{"line":68,"column":9},"end":{"line":74,"column":3}},"12":{"start":{"line":69,"column":4},"end":{"line":69,"column":19}},"13":{"start":{"line":70,"column":9},"end":{"line":74,"column":3}},"14":{"start":{"line":71,"column":4},"end":{"line":71,"column":21}},"15":{"start":{"line":73,"column":4},"end":{"line":73,"column":65}},"16":{"start":{"line":82,"column":2},"end":{"line":88,"column":3}},"17":{"start":{"line":83,"column":4},"end":{"line":83,"column":17}},"18":{"start":{"line":84,"column":9},"end":{"line":88,"column":3}},"19":{"start":{"line":85,"column":4},"end":{"line":85,"column":21}},"20":{"start":{"line":87,"column":4},"end":{"line":87,"column":65}},"21":{"start":{"line":101,"column":34},"end":{"line":101,"column":36}},"22":{"start":{"line":102,"column":2},"end":{"line":104,"column":3}},"23":{"start":{"line":103,"column":4},"end":{"line":103,"column":25}},"24":{"start":{"line":105,"column":18},"end":{"line":105,"column":38}},"25":{"start":{"line":106,"column":19},"end":{"line":110,"column":4}},"26":{"start":{"line":113,"column":23},"end":{"line":113,"column":72}},"27":{"start":{"line":115,"column":28},"end":{"line":134,"column":4}},"28":{"start":{"line":116,"column":4},"end":{"line":116,"column":38}},"29":{"start":{"line":116,"column":25},"end":{"line":116,"column":38}},"30":{"start":{"line":118,"column":4},"end":{"line":133,"column":7}},"31":{"start":{"line":119,"column":6},"end":{"line":119,"column":36}},"32":{"start":{"line":119,"column":23},"end":{"line":119,"column":36}},"33":{"start":{"line":121,"column":6},"end":{"line":132,"column":7}},"34":{"start":{"line":123,"column":8},"end":{"line":123,"column":73}},"35":{"start":{"line":127,"column":26},"end":{"line":127,"column":74}},"36":{"start":{"line":128,"column":8},"end":{"line":128,"column":37}},"37":{"start":{"line":128,"column":24},"end":{"line":128,"column":37}},"38":{"start":{"line":129,"column":8},"end":{"line":131,"column":50}},"39":{"start":{"line":135,"column":2},"end":{"line":142,"column":3}},"40":{"start":{"line":136,"column":4},"end":{"line":140,"column":7}},"41":{"start":{"line":137,"column":21},"end":{"line":137,"column":76}},"42":{"start":{"line":138,"column":21},"end":{"line":138,"column":76}},"43":{"start":{"line":139,"column":6},"end":{"line":139,"column":29}},"44":{"start":{"line":141,"column":4},"end":{"line":141,"column":39}},"45":{"start":{"line":143,"column":2},"end":{"line":143,"column":65}},"46":{"start":{"line":158,"column":2},"end":{"line":162,"column":3}},"47":{"start":{"line":159,"column":4},"end":{"line":161,"column":6}},"48":{"start":{"line":160,"column":6},"end":{"line":160,"column":74}},"49":{"start":{"line":164,"column":2},"end":{"line":168,"column":3}},"50":{"start":{"line":165,"column":4},"end":{"line":167,"column":6}},"51":{"start":{"line":166,"column":6},"end":{"line":166,"column":74}},"52":{"start":{"line":170,"column":2},"end":{"line":174,"column":3}},"53":{"start":{"line":171,"column":4},"end":{"line":173,"column":6}},"54":{"start":{"line":172,"column":6},"end":{"line":172,"column":76}},"55":{"start":{"line":176,"column":2},"end":{"line":176,"column":51}}},"fnMap":{"0":{"name":"getDownloadLink","decl":{"start":{"line":33,"column":30},"end":{"line":33,"column":45}},"loc":{"start":{"line":37,"column":23},"end":{"line":59,"column":1}}},"1":{"name":"determinePlatform","decl":{"start":{"line":65,"column":9},"end":{"line":65,"column":26}},"loc":{"start":{"line":65,"column":26},"end":{"line":75,"column":1}}},"2":{"name":"determineArchitecture","decl":{"start":{"line":81,"column":9},"end":{"line":81,"column":30}},"loc":{"start":{"line":81,"column":30},"end":{"line":89,"column":1}}},"3":{"name":"getAssets","decl":{"start":{"line":97,"column":15},"end":{"line":97,"column":24}},"loc":{"start":{"line":99,"column":22},"end":{"line":144,"column":1}}},"4":{"name":"(anonymous_4)","decl":{"start":{"line":115,"column":49},"end":{"line":115,"column":50}},"loc":{"start":{"line":115,"column":70},"end":{"line":134,"column":3}}},"5":{"name":"(anonymous_5)","decl":{"start":{"line":118,"column":31},"end":{"line":118,"column":32}},"loc":{"start":{"line":118,"column":55},"end":{"line":133,"column":5}}},"6":{"name":"(anonymous_6)","decl":{"start":{"line":136,"column":27},"end":{"line":136,"column":28}},"loc":{"start":{"line":136,"column":54},"end":{"line":140,"column":5}}},"7":{"name":"findAsset","decl":{"start":{"line":153,"column":9},"end":{"line":153,"column":18}},"loc":{"start":{"line":156,"column":22},"end":{"line":177,"column":1}}},"8":{"name":"(anonymous_8)","decl":{"start":{"line":159,"column":23},"end":{"line":159,"column":24}},"loc":{"start":{"line":160,"column":6},"end":{"line":160,"column":74}}},"9":{"name":"(anonymous_9)","decl":{"start":{"line":165,"column":23},"end":{"line":165,"column":24}},"loc":{"start":{"line":166,"column":6},"end":{"line":166,"column":74}}},"10":{"name":"(anonymous_10)","decl":{"start":{"line":171,"column":23},"end":{"line":171,"column":24}},"loc":{"start":{"line":172,"column":6},"end":{"line":172,"column":76}}}},"branchMap":{"0":{"loc":{"start":{"line":36,"column":2},"end":{"line":36,"column":19}},"type":"default-arg","locations":[{"start":{"line":36,"column":13},"end":{"line":36,"column":19}}]},"1":{"loc":{"start":{"line":37,"column":2},"end":{"line":37,"column":23}},"type":"default-arg","locations":[{"start":{"line":37,"column":17},"end":{"line":37,"column":23}}]},"2":{"loc":{"start":{"line":41,"column":2},"end":{"line":43,"column":3}},"type":"if","locations":[{"start":{"line":41,"column":2},"end":{"line":43,"column":3}},{"start":{},"end":{}}]},"3":{"loc":{"start":{"line":45,"column":2},"end":{"line":47,"column":3}},"type":"if","locations":[{"start":{"line":45,"column":2},"end":{"line":47,"column":3}},{"start":{},"end":{}}]},"4":{"loc":{"start":{"line":52,"column":2},"end":{"line":58,"column":3}},"type":"if","locations":[{"start":{"line":52,"column":2},"end":{"line":58,"column":3}},{"start":{"line":54,"column":9},"end":{"line":58,"column":3}}]},"5":{"loc":{"start":{"line":66,"column":2},"end":{"line":74,"column":3}},"type":"if","locations":[{"start":{"line":66,"column":2},"end":{"line":74,"column":3}},{"start":{"line":68,"column":9},"end":{"line":74,"column":3}}]},"6":{"loc":{"start":{"line":68,"column":9},"end":{"line":74,"column":3}},"type":"if","locations":[{"start":{"line":68,"column":9},"end":{"line":74,"column":3}},{"start":{"line":70,"column":9},"end":{"line":74,"column":3}}]},"7":{"loc":{"start":{"line":70,"column":9},"end":{"line":74,"column":3}},"type":"if","locations":[{"start":{"line":70,"column":9},"end":{"line":74,"column":3}},{"start":{"line":72,"column":9},"end":{"line":74,"column":3}}]},"8":{"loc":{"start":{"line":82,"column":2},"end":{"line":88,"column":3}},"type":"if","locations":[{"start":{"line":82,"column":2},"end":{"line":88,"column":3}},{"start":{"line":84,"column":9},"end":{"line":88,"column":3}}]},"9":{"loc":{"start":{"line":84,"column":9},"end":{"line":88,"column":3}},"type":"if","locations":[{"start":{"line":84,"column":9},"end":{"line":88,"column":3}},{"start":{"line":86,"column":9},"end":{"line":88,"column":3}}]},"10":{"loc":{"start":{"line":102,"column":2},"end":{"line":104,"column":3}},"type":"if","locations":[{"start":{"line":102,"column":2},"end":{"line":104,"column":3}},{"start":{},"end":{}}]},"11":{"loc":{"start":{"line":116,"column":4},"end":{"line":116,"column":38}},"type":"if","locations":[{"start":{"line":116,"column":4},"end":{"line":116,"column":38}},{"start":{},"end":{}}]},"12":{"loc":{"start":{"line":119,"column":6},"end":{"line":119,"column":36}},"type":"if","locations":[{"start":{"line":119,"column":6},"end":{"line":119,"column":36}},{"start":{},"end":{}}]},"13":{"loc":{"start":{"line":121,"column":6},"end":{"line":132,"column":7}},"type":"if","locations":[{"start":{"line":121,"column":6},"end":{"line":132,"column":7}},{"start":{"line":124,"column":13},"end":{"line":132,"column":7}}]},"14":{"loc":{"start":{"line":128,"column":8},"end":{"line":128,"column":37}},"type":"if","locations":[{"start":{"line":128,"column":8},"end":{"line":128,"column":37}},{"start":{},"end":{}}]},"15":{"loc":{"start":{"line":135,"column":2},"end":{"line":142,"column":3}},"type":"if","locations":[{"start":{"line":135,"column":2},"end":{"line":142,"column":3}},{"start":{},"end":{}}]},"16":{"loc":{"start":{"line":137,"column":21},"end":{"line":137,"column":76}},"type":"cond-expr","locations":[{"start":{"line":137,"column":38},"end":{"line":137,"column":72}},{"start":{"line":137,"column":75},"end":{"line":137,"column":76}}]},"17":{"loc":{"start":{"line":138,"column":21},"end":{"line":138,"column":76}},"type":"cond-expr","locations":[{"start":{"line":138,"column":38},"end":{"line":138,"column":72}},{"start":{"line":138,"column":75},"end":{"line":138,"column":76}}]},"18":{"loc":{"start":{"line":158,"column":2},"end":{"line":162,"column":3}},"type":"if","locations":[{"start":{"line":158,"column":2},"end":{"line":162,"column":3}},{"start":{},"end":{}}]},"19":{"loc":{"start":{"line":164,"column":2},"end":{"line":168,"column":3}},"type":"if","locations":[{"start":{"line":164,"column":2},"end":{"line":168,"column":3}},{"start":{},"end":{}}]},"20":{"loc":{"start":{"line":170,"column":2},"end":{"line":174,"column":3}},"type":"if","locations":[{"start":{"line":170,"column":2},"end":{"line":174,"column":3}},{"start":{},"end":{}}]}},"s":{"0":0,"1":0,"2":0,"3":0,"4":0,"5":0,"6":0,"7":0,"8":0,"9":0,"10":0,"11":0,"12":0,"13":0,"14":0,"15":0,"16":0,"17":0,"18":0,"19":0,"20":0,"21":0,"22":0,"23":0,"24":0,"25":0,"26":0,"27":0,"28":0,"29":0,"30":0,"31":0,"32":0,"33":0,"34":0,"35":0,"36":0,"37":0,"38":0,"39":0,"40":0,"41":0,"42":0,"43":0,"44":0,"45":0,"46":0,"47":0,"48":0,"49":0,"50":0,"51":0,"52":0,"53":0,"54":0,"55":0},"f":{"0":0,"1":0,"2":0,"3":0,"4":0,"5":0,"6":0,"7":0,"8":0,"9":0,"10":0},"b":{"0":[0],"1":[0],"2":[0,0],"3":[0,0],"4":[0,0],"5":[0,0],"6":[0,0],"7":[0,0],"8":[0,0],"9":[0,0],"10":[0,0],"11":[0,0],"12":[0,0],"13":[0,0],"14":[0,0],"15":[0,0],"16":[0,0],"17":[0,0],"18":[0,0],"19":[0,0],"20":[0,0]}}
,"/home/runner/work/setup-mlir/setup-mlir/src/index.ts": {"path":"/home/runner/work/setup-mlir/setup-mlir/src/index.ts","statementMap":{"0":{"start":{"line":28,"column":23},"end":{"line":28,"column":72}},"1":{"start":{"line":29,"column":19},"end":{"line":29,"column":64}},"2":{"start":{"line":30,"column":23},"end":{"line":30,"column":72}},"3":{"start":{"line":31,"column":16},"end":{"line":31,"column":58}},"4":{"start":{"line":34,"column":23},"end":{"line":34,"column":72}},"5":{"start":{"line":35,"column":23},"end":{"line":35,"column":73}},"6":{"start":{"line":36,"column":2},"end":{"line":40,"column":3}},"7":{"start":{"line":37,"column":4},"end":{"line":39,"column":6}},"8":{"start":{"line":42,"column":2},"end":{"line":42,"column":42}},"9":{"start":{"line":43,"column":16},"end":{"line":47,"column":null}},"10":{"start":{"line":49,"column":2},"end":{"line":49,"column":52}},"11":{"start":{"line":50,"column":15},"end":{"line":50,"column":47}},"12":{"start":{"line":51,"column":2},"end":{"line":51,"column":37}},"13":{"start":{"line":52,"column":14},"end":{"line":55,"column":4}},"14":{"start":{"line":56,"column":2},"end":{"line":56,"column":56}},"15":{"start":{"line":57,"column":21},"end":{"line":57,"column":75}},"16":{"start":{"line":59,"column":2},"end":{"line":59,"column":50}},"17":{"start":{"line":60,"column":2},"end":{"line":60,"column":45}},"18":{"start":{"line":61,"column":2},"end":{"line":61,"column":39}},"19":{"start":{"line":62,"column":2},"end":{"line":65,"column":4}},"20":{"start":{"line":66,"column":2},"end":{"line":66,"column":39}},"21":{"start":{"line":67,"column":2},"end":{"line":70,"column":4}},"22":{"start":{"line":73,"column":0},"end":{"line":85,"column":1}},"23":{"start":{"line":74,"column":2},"end":{"line":74,"column":50}},"24":{"start":{"line":75,"column":2},"end":{"line":75,"column":14}},"25":{"start":{"line":76,"column":2},"end":{"line":76,"column":50}},"26":{"start":{"line":78,"column":2},"end":{"line":84,"column":3}},"27":{"start":{"line":79,"column":4},"end":{"line":79,"column":26}},"28":{"start":{"line":80,"column":9},"end":{"line":84,"column":3}},"29":{"start":{"line":81,"column":4},"end":{"line":81,"column":34}},"30":{"start":{"line":83,"column":4},"end":{"line":83,"column":62}}},"fnMap":{"0":{"name":"run","decl":{"start":{"line":27,"column":15},"end":{"line":27,"column":18}},"loc":{"start":{"line":27,"column":18},"end":{"line":71,"column":1}}}},"branchMap":{"0":{"loc":{"start":{"line":36,"column":2},"end":{"line":40,"column":3}},"type":"if","locations":[{"start":{"line":36,"column":2},"end":{"line":40,"column":3}},{"start":{},"end":{}}]},"1":{"loc":{"start":{"line":36,"column":6},"end":{"line":36,"column":36}},"type":"binary-expr","locations":[{"start":{"line":36,"column":6},"end":{"line":36,"column":19}},{"start":{"line":36,"column":23},"end":{"line":36,"column":36}}]},"2":{"loc":{"start":{"line":78,"column":2},"end":{"line":84,"column":3}},"type":"if","locations":[{"start":{"line":78,"column":2},"end":{"line":84,"column":3}},{"start":{"line":80,"column":9},"end":{"line":84,"column":3}}]},"3":{"loc":{"start":{"line":80,"column":9},"end":{"line":84,"column":3}},"type":"if","locations":[{"start":{"line":80,"column":9},"end":{"line":84,"column":3}},{"start":{"line":82,"column":9},"end":{"line":84,"column":3}}]}},"s":{"0":0,"1":0,"2":0,"3":0,"4":0,"5":0,"6":0,"7":0,"8":0,"9":0,"10":0,"11":0,"12":0,"13":0,"14":0,"15":0,"16":0,"17":0,"18":0,"19":0,"20":0,"21":0,"22":0,"23":0,"24":0,"25":0,"26":0,"27":0,"28":0,"29":0,"30":0},"f":{"0":0},"b":{"0":[0,0],"1":[0,0],"2":[0,0],"3":[0,0]}}
}
