TN:
SF:src/get-download-link.ts
FN:33,getDownloadLink
FN:65,determinePlatform
FN:81,determineArchitecture
FN:97,getAssets
FN:115,(anonymous_4)
FN:118,(anonymous_5)
FN:136,(anonymous_6)
FN:153,findAsset
FN:159,(anonymous_8)
FN:165,(anonymous_9)
FN:171,(anonymous_10)
FNF:11
FNH:0
FNDA:0,getDownloadLink
FNDA:0,determinePlatform
FNDA:0,determineArchitecture
FNDA:0,getAssets
FNDA:0,(anonymous_4)
FNDA:0,(anonymous_5)
FNDA:0,(anonymous_6)
FNDA:0,findAsset
FNDA:0,(anonymous_8)
FNDA:0,(anonymous_9)
FNDA:0,(anonymous_10)
DA:39,0
DA:41,0
DA:42,0
DA:45,0
DA:46,0
DA:50,0
DA:52,0
DA:53,0
DA:55,0
DA:66,0
DA:67,0
DA:68,0
DA:69,0
DA:70,0
DA:71,0
DA:73,0
DA:82,0
DA:83,0
DA:84,0
DA:85,0
DA:87,0
DA:101,0
DA:102,0
DA:103,0
DA:105,0
DA:106,0
DA:113,0
DA:115,0
DA:116,0
DA:118,0
DA:119,0
DA:121,0
DA:123,0
DA:127,0
DA:128,0
DA:129,0
DA:135,0
DA:136,0
DA:137,0
DA:138,0
DA:139,0
DA:141,0
DA:143,0
DA:158,0
DA:159,0
DA:160,0
DA:164,0
DA:165,0
DA:166,0
DA:170,0
DA:171,0
DA:172,0
DA:176,0
LF:53
LH:0
BRDA:36,0,0,0
BRDA:37,1,0,0
BRDA:41,2,0,0
BRDA:41,2,1,0
BRDA:45,3,0,0
BRDA:45,3,1,0
BRDA:52,4,0,0
BRDA:52,4,1,0
BRDA:66,5,0,0
BRDA:66,5,1,0
BRDA:68,6,0,0
BRDA:68,6,1,0
BRDA:70,7,0,0
BRDA:70,7,1,0
BRDA:82,8,0,0
BRDA:82,8,1,0
BRDA:84,9,0,0
BRDA:84,9,1,0
BRDA:102,10,0,0
BRDA:102,10,1,0
BRDA:116,11,0,0
BRDA:116,11,1,0
BRDA:119,12,0,0
BRDA:119,12,1,0
BRDA:121,13,0,0
BRDA:121,13,1,0
BRDA:128,14,0,0
BRDA:128,14,1,0
BRDA:135,15,0,0
BRDA:135,15,1,0
BRDA:137,16,0,0
BRDA:137,16,1,0
BRDA:138,17,0,0
BRDA:138,17,1,0
BRDA:158,18,0,0
BRDA:158,18,1,0
BRDA:164,19,0,0
BRDA:164,19,1,0
BRDA:170,20,0,0
BRDA:170,20,1,0
BRF:40
BRH:0
end_of_record
TN:
SF:src/index.ts
FN:27,run
FNF:1
FNH:0
FNDA:0,run
DA:28,0
DA:29,0
DA:30,0
DA:31,0
DA:34,0
DA:35,0
DA:36,0
DA:37,0
DA:42,0
DA:43,0
DA:49,0
DA:50,0
DA:51,0
DA:52,0
DA:56,0
DA:57,0
DA:59,0
DA:60,0
DA:61,0
DA:62,0
DA:66,0
DA:67,0
DA:73,0
DA:74,0
DA:75,0
DA:76,0
DA:78,0
DA:79,0
DA:80,0
DA:81,0
DA:83,0
LF:31
LH:0
BRDA:36,0,0,0
BRDA:36,0,1,0
BRDA:36,1,0,0
BRDA:36,1,1,0
BRDA:78,2,0,0
BRDA:78,2,1,0
BRDA:80,3,0,0
BRDA:80,3,1,0
BRF:8
BRH:0
end_of_record
